<?xml version="1.0" encoding="UTF-8"?>
<!-- Generated by org.testng.reporters.JUnitReportReporter -->
<testsuite hostname="LAPTOP-Q8A46VRN" failures="0" tests="1" name="package1.Contacts" time="0.312" errors="0" timestamp="2020-02-20T14:15:14 IST" skipped="0">
  <testcase classname="package1.Contacts" name="debug" time="0.312"/>
</testsuite> <!-- package1.Contacts -->
